<?xml version="1.0" encoding="UTF-8"?>
<testng-results skipped="0" failed="0" total="1" passed="1">
  <reporter-output>
  </reporter-output>
  <suite name="Default suite" duration-ms="26252" started-at="2019-07-30T19:57:05Z" finished-at="2019-07-30T19:57:31Z">
    <groups>
    </groups>
    <test name="Default test" duration-ms="26252" started-at="2019-07-30T19:57:05Z" finished-at="2019-07-30T19:57:31Z">
      <class name="test_DEVOPS.test.App">
        <test-method status="PASS" signature="test()[pri:0, instance:test_DEVOPS.test.App@19dfb72a]" name="test" duration-ms="23623" started-at="2019-07-30T15:57:05Z" finished-at="2019-07-30T15:57:28Z">
          <reporter-output>
          </reporter-output>
        </test-method> <!-- test -->
        <test-method status="PASS" signature="test2()[pri:0, instance:test_DEVOPS.test.App@19dfb72a]" name="test2" is-config="true" duration-ms="2620" started-at="2019-07-30T15:57:28Z" finished-at="2019-07-30T15:57:31Z">
          <reporter-output>
          </reporter-output>
        </test-method> <!-- test2 -->
      </class> <!-- test_DEVOPS.test.App -->
    </test> <!-- Default test -->
  </suite> <!-- Default suite -->
</testng-results>
